<?xml version="1.0" encoding="UTF-8"?>
<!-- Generated by org.testng.reporters.JUnitXMLReporter -->
<testsuite hostname="DESKTOP-CBMBFPP" name="Command line test 9e04fc0e-280c-46ae-8cef-27e3307bd51f" tests="3" failures="0" timestamp="2 Mar 2022 08:38:29 GMT" time="206.263" errors="0">
  <testcase name="Testcase1" time="44.599" classname="org.testing.testscripts.TC1"/>
  <testcase name="TestCase3" time="43.202" classname="org.testing.testscripts.TC3"/>
  <testcase name="TestCase6" time="73.628" classname="org.testing.testscripts.TC6"/>
</testsuite> <!-- Command line test 9e04fc0e-280c-46ae-8cef-27e3307bd51f -->
