<?xml version="1.0" encoding="UTF-8"?>
<!-- Generated by org.testng.reporters.JUnitXMLReporter -->
<testsuite hostname="DESKTOP-CBMBFPP" name="Test" tests="8" failures="0" timestamp="11 Feb 2022 19:47:38 GMT" time="456.209" errors="0">
  <testcase name="Testcase1" time="40.394" classname="org.testing.testscripts.TC1"/>
  <testcase name="Testcase2" time="41.347" classname="org.testing.testscripts.TC2"/>
  <testcase name="TestCase3" time="40.564" classname="org.testing.testscripts.TC3"/>
  <testcase name="TestCase4" time="56.06" classname="org.testing.testscripts.TC4"/>
  <testcase name="TestCase5" time="54.193" classname="org.testing.testscripts.TC5"/>
  <testcase name="TestCase6" time="64.062" classname="org.testing.testscripts.TC6"/>
  <testcase name="TestCase7" time="47.281" classname="org.testing.testscripts.TC7"/>
  <testcase name="TestCase8" time="39.815" classname="org.testing.testscripts.TC8"/>
</testsuite> <!-- Test -->
